This is pdfTeX, Version 3.1415926-2.3-1.40.12 (MiKTeX 2.9) (preloaded format=pdflatex 2017.9.4)  2 NOV 2017 21:19
entering extended mode
**Á¨¨4Á´†*Âø´ÈÄüÂÇÖÈáåÂè∂ÂèòÊç¢.tex

("D:\ÊïôÂ≠¶\ÊïôÂ≠¶\Êï∞Â≠ó‰ø°Âè∑Â§ÑÁêÜ\ËÆ≤‰πâ\tp2017\Á¨¨4Á´†\Á¨¨4Á´† Âø´ÈÄüÂÇÖÈá
åÂè∂ÂèòÊç¢.tex"
LaTeX2e <2011/06/27>
Babel <v3.8m> and hyphenation patterns for loaded.
(C:\CTEX\MiKTeX\tex\latex\beamer\base\beamer.cls
(C:\CTEX\MiKTeX\tex\latex\beamer\base\beamerbasercs.sty
Package: beamerbasercs 2012/02/22 (rcs-revision 46e1bc9c9b76)
)
Document Class: beamer 2011/09/12 development version 3.14 A class for typesett
ing presentations (rcs-revision 70f9d8411e54)
(C:\CTEX\MiKTeX\tex\latex\beamer\base\beamerbasemodes.sty
Package: beamerbasemodes 2010/05/01 (rcs-revision efa082c6111d)
\beamer@tempbox=\box26
\beamer@tempcount=\count79
\c@beamerpauses=\count80

(C:\CTEX\MiKTeX\tex\latex\beamer\base\beamerbasedecode.sty
Package: beamerbasedecode 2010/05/01 (rcs-revision efa082c6111d)
\beamer@slideinframe=\count81
\beamer@minimum=\count82
)
\beamer@commentbox=\box27
\beamer@modecount=\count83
)
(C:\CTEX\MiKTeX\tex\generic\oberdiek\ifpdf.sty
Package: ifpdf 2011/01/30 v2.3 Provides the ifpdf switch (HO)
Package ifpdf Info: pdfTeX in PDF mode is detected.
)
\headheight=\dimen102
\headdp=\dimen103
\footheight=\dimen104
\sidebarheight=\dimen105
\beamer@tempdim=\dimen106
\beamer@finalheight=\dimen107
\beamer@animht=\dimen108
\beamer@animdp=\dimen109
\beamer@animwd=\dimen110
\beamer@leftmargin=\dimen111
\beamer@rightmargin=\dimen112
\beamer@leftsidebar=\dimen113
\beamer@rightsidebar=\dimen114
\beamer@boxsize=\dimen115
\beamer@vboxoffset=\dimen116
\beamer@descdefault=\dimen117
\beamer@descriptionwidth=\dimen118
\beamer@lastskip=\skip41
\beamer@areabox=\box28
\beamer@animcurrent=\box29
\beamer@animshowbox=\box30
\beamer@sectionbox=\box31
\beamer@logobox=\box32
\beamer@linebox=\box33
\beamer@sectioncount=\count84
\beamer@subsubsectionmax=\count85
\beamer@subsectionmax=\count86
\beamer@sectionmax=\count87
\beamer@totalheads=\count88
\beamer@headcounter=\count89
\beamer@partstartpage=\count90
\beamer@sectionstartpage=\count91
\beamer@subsectionstartpage=\count92
\beamer@animationtempa=\count93
\beamer@animationtempb=\count94
\beamer@xpos=\count95
\beamer@ypos=\count96
\beamer@showpartnumber=\count97
\beamer@currentsubsection=\count98
\beamer@coveringdepth=\count99
\beamer@sectionadjust=\count100
\beamer@tocsectionnumber=\count101

(C:\CTEX\MiKTeX\tex\latex\beamer\base\beamerbaseoptions.sty
Package: beamerbaseoptions 2010/04/27 (rcs-revision 982469101dd6)

(C:\CTEX\MiKTeX\tex\latex\graphics\keyval.sty
Package: keyval 1999/03/16 v1.13 key=value parser (DPC)
\KV@toks@=\toks14
))
\beamer@paperwidth=\skip42
\beamer@paperheight=\skip43

(C:\CTEX\MiKTeX\tex\latex\geometry\geometry.sty
Package: geometry 2010/09/12 v5.6 Page Geometry

(C:\CTEX\MiKTeX\tex\generic\oberdiek\ifvtex.sty
Package: ifvtex 2010/03/01 v1.5 Switches for detecting VTeX and its modes (HO)
Package ifvtex Info: VTeX not detected.
)
(C:\CTEX\MiKTeX\tex\generic\ifxetex\ifxetex.sty
Package: ifxetex 2010/09/12 v0.6 Provides ifxetex conditional
)
\Gm@cnth=\count102
\Gm@cntv=\count103
\c@Gm@tempcnt=\count104
\Gm@bindingoffset=\dimen119
\Gm@wd@mp=\dimen120
\Gm@odd@mp=\dimen121
\Gm@even@mp=\dimen122
\Gm@layoutwidth=\dimen123
\Gm@layoutheight=\dimen124
\Gm@layouthoffset=\dimen125
\Gm@layoutvoffset=\dimen126
\Gm@dimlist=\toks15

(C:\CTEX\MiKTeX\tex\latex\geometry\geometry.cfg))

Class beamer Warning: ``mathserif'' is obsolete. Use font theme ``serif'' with 
option ``onlymath'' on input line 343.

(C:\CTEX\MiKTeX\tex\latex\base\size11.clo
File: size11.clo 2007/10/19 v1.4h Standard LaTeX file (size option)
)
(C:\CTEX\MiKTeX\tex\latex\pgf\basiclayer\pgfcore.sty
(C:\CTEX\MiKTeX\tex\latex\graphics\graphicx.sty
Package: graphicx 1999/02/16 v1.0f Enhanced LaTeX Graphics (DPC,SPQR)

(C:\CTEX\MiKTeX\tex\latex\graphics\graphics.sty
Package: graphics 2009/02/05 v1.0o Standard LaTeX Graphics (DPC,SPQR)

(C:\CTEX\MiKTeX\tex\latex\graphics\trig.sty
Package: trig 1999/03/16 v1.09 sin cos tan (DPC)
)
(C:\CTEX\MiKTeX\tex\latex\00miktex\graphics.cfg
File: graphics.cfg 2007/01/18 v1.5 graphics configuration of teTeX/TeXLive
)
Package graphics Info: Driver file: pdftex.def on input line 91.

(C:\CTEX\MiKTeX\tex\latex\pdftex-def\pdftex.def
File: pdftex.def 2011/05/27 v0.06d Graphics/color for pdfTeX

(C:\CTEX\MiKTeX\tex\generic\oberdiek\infwarerr.sty
Package: infwarerr 2010/04/08 v1.3 Providing info/warning/message (HO)
)
(C:\CTEX\MiKTeX\tex\generic\oberdiek\ltxcmds.sty
Package: ltxcmds 2011/04/18 v1.20 LaTeX kernel commands for general use (HO)
)
\Gread@gobject=\count105
))
\Gin@req@height=\dimen127
\Gin@req@width=\dimen128
)
(C:\CTEX\MiKTeX\tex\latex\pgf\systemlayer\pgfsys.sty
(C:\CTEX\MiKTeX\tex\latex\pgf\utilities\pgfrcs.sty
(C:\CTEX\MiKTeX\tex\generic\pgf\utilities\pgfutil-common.tex
\pgfutil@everybye=\toks16
)
(C:\CTEX\MiKTeX\tex\generic\pgf\utilities\pgfutil-latex.def
\pgfutil@abb=\box34

(C:\CTEX\MiKTeX\tex\latex\ms\everyshi.sty
Package: everyshi 2001/05/15 v3.00 EveryShipout Package (MS)
))
(C:\CTEX\MiKTeX\tex\generic\pgf\utilities\pgfrcs.code.tex
Package: pgfrcs 2010/10/25 v2.10 (rcs-revision 1.24)
))
(C:\CTEX\MiKTeX\tex\generic\pgf\systemlayer\pgfsys.code.tex
Package: pgfsys 2010/06/30 v2.10 (rcs-revision 1.37)

(C:\CTEX\MiKTeX\tex\generic\pgf\utilities\pgfkeys.code.tex
\pgfkeys@pathtoks=\toks17
\pgfkeys@temptoks=\toks18

(C:\CTEX\MiKTeX\tex\generic\pgf\utilities\pgfkeysfiltered.code.tex
\pgfkeys@tmptoks=\toks19
))
\pgf@x=\dimen129
\pgf@y=\dimen130
\pgf@xa=\dimen131
\pgf@ya=\dimen132
\pgf@xb=\dimen133
\pgf@yb=\dimen134
\pgf@xc=\dimen135
\pgf@yc=\dimen136
\w@pgf@writea=\write3
\r@pgf@reada=\read1
\c@pgf@counta=\count106
\c@pgf@countb=\count107
\c@pgf@countc=\count108
\c@pgf@countd=\count109

(C:\CTEX\MiKTeX\tex\generic\pgf\systemlayer\pgf.cfg
File: pgf.cfg 2008/05/14  (rcs-revision 1.7)
)
Package pgfsys Info: Driver file for pgf: pgfsys-pdftex.def on input line 900.

(C:\CTEX\MiKTeX\tex\generic\pgf\systemlayer\pgfsys-pdftex.def
File: pgfsys-pdftex.def 2009/05/22  (rcs-revision 1.26)

(C:\CTEX\MiKTeX\tex\generic\pgf\systemlayer\pgfsys-common-pdf.def
File: pgfsys-common-pdf.def 2008/05/19  (rcs-revision 1.10)
)))
(C:\CTEX\MiKTeX\tex\generic\pgf\systemlayer\pgfsyssoftpath.code.tex
File: pgfsyssoftpath.code.tex 2008/07/18  (rcs-revision 1.7)
\pgfsyssoftpath@smallbuffer@items=\count110
\pgfsyssoftpath@bigbuffer@items=\count111
)
(C:\CTEX\MiKTeX\tex\generic\pgf\systemlayer\pgfsysprotocol.code.tex
File: pgfsysprotocol.code.tex 2006/10/16  (rcs-revision 1.4)
))
(C:\CTEX\MiKTeX\tex\latex\xcolor\xcolor.sty
Package: xcolor 2007/01/21 v2.11 LaTeX color extensions (UK)

(C:\CTEX\MiKTeX\tex\latex\00miktex\color.cfg
File: color.cfg 2007/01/18 v1.5 color configuration of teTeX/TeXLive
)
Package xcolor Info: Driver file: pdftex.def on input line 225.

(C:\CTEX\MiKTeX\tex\latex\colortbl\colortbl.sty
Package: colortbl 2001/02/13 v0.1j Color table columns (DPC)

(C:\CTEX\MiKTeX\tex\latex\tools\array.sty
Package: array 2008/09/09 v2.4c Tabular extension package (FMi)
\col@sep=\dimen137
\extrarowheight=\dimen138
\NC@list=\toks20
\extratabsurround=\skip44
\backup@length=\skip45
)
\everycr=\toks21
\minrowclearance=\skip46
)
\rownum=\count112
Package xcolor Info: Model `cmy' substituted by `cmy0' on input line 1337.
Package xcolor Info: Model `hsb' substituted by `rgb' on input line 1341.
Package xcolor Info: Model `RGB' extended on input line 1353.
Package xcolor Info: Model `HTML' substituted by `rgb' on input line 1355.
Package xcolor Info: Model `Hsb' substituted by `hsb' on input line 1356.
Package xcolor Info: Model `tHsb' substituted by `hsb' on input line 1357.
Package xcolor Info: Model `HSB' substituted by `hsb' on input line 1358.
Package xcolor Info: Model `Gray' substituted by `gray' on input line 1359.
Package xcolor Info: Model `wave' substituted by `hsb' on input line 1360.
)
(C:\CTEX\MiKTeX\tex\generic\pgf\basiclayer\pgfcore.code.tex
Package: pgfcore 2010/04/11 v2.10 (rcs-revision 1.7)

(C:\CTEX\MiKTeX\tex\generic\pgf\math\pgfmath.code.tex
(C:\CTEX\MiKTeX\tex\generic\pgf\math\pgfmathcalc.code.tex
(C:\CTEX\MiKTeX\tex\generic\pgf\math\pgfmathutil.code.tex)
(C:\CTEX\MiKTeX\tex\generic\pgf\math\pgfmathparser.code.tex
\pgfmath@dimen=\dimen139
\pgfmath@count=\count113
\pgfmath@box=\box35
\pgfmath@toks=\toks22
\pgfmath@stack@operand=\toks23
\pgfmath@stack@operation=\toks24
)
(C:\CTEX\MiKTeX\tex\generic\pgf\math\pgfmathfunctions.code.tex
(C:\CTEX\MiKTeX\tex\generic\pgf\math\pgfmathfunctions.basic.code.tex)
(C:\CTEX\MiKTeX\tex\generic\pgf\math\pgfmathfunctions.trigonometric.code.tex)
(C:\CTEX\MiKTeX\tex\generic\pgf\math\pgfmathfunctions.random.code.tex)
(C:\CTEX\MiKTeX\tex\generic\pgf\math\pgfmathfunctions.comparison.code.tex)
(C:\CTEX\MiKTeX\tex\generic\pgf\math\pgfmathfunctions.base.code.tex)
(C:\CTEX\MiKTeX\tex\generic\pgf\math\pgfmathfunctions.round.code.tex)
(C:\CTEX\MiKTeX\tex\generic\pgf\math\pgfmathfunctions.misc.code.tex)))
(C:\CTEX\MiKTeX\tex\generic\pgf\math\pgfmathfloat.code.tex
\c@pgfmathroundto@lastzeros=\count114
))
(C:\CTEX\MiKTeX\tex\generic\pgf\basiclayer\pgfcorepoints.code.tex
File: pgfcorepoints.code.tex 2010/04/09  (rcs-revision 1.20)
\pgf@picminx=\dimen140
\pgf@picmaxx=\dimen141
\pgf@picminy=\dimen142
\pgf@picmaxy=\dimen143
\pgf@pathminx=\dimen144
\pgf@pathmaxx=\dimen145
\pgf@pathminy=\dimen146
\pgf@pathmaxy=\dimen147
\pgf@xx=\dimen148
\pgf@xy=\dimen149
\pgf@yx=\dimen150
\pgf@yy=\dimen151
\pgf@zx=\dimen152
\pgf@zy=\dimen153
)
(C:\CTEX\MiKTeX\tex\generic\pgf\basiclayer\pgfcorepathconstruct.code.tex
File: pgfcorepathconstruct.code.tex 2010/08/03  (rcs-revision 1.24)
\pgf@path@lastx=\dimen154
\pgf@path@lasty=\dimen155
)
(C:\CTEX\MiKTeX\tex\generic\pgf\basiclayer\pgfcorepathusage.code.tex
File: pgfcorepathusage.code.tex 2008/04/22  (rcs-revision 1.12)
\pgf@shorten@end@additional=\dimen156
\pgf@shorten@start@additional=\dimen157
)
(C:\CTEX\MiKTeX\tex\generic\pgf\basiclayer\pgfcorescopes.code.tex
File: pgfcorescopes.code.tex 2010/09/08  (rcs-revision 1.34)
\pgfpic=\box36
\pgf@hbox=\box37
\pgf@layerbox@main=\box38
\pgf@picture@serial@count=\count115
)
(C:\CTEX\MiKTeX\tex\generic\pgf\basiclayer\pgfcoregraphicstate.code.tex
File: pgfcoregraphicstate.code.tex 2008/04/22  (rcs-revision 1.9)
\pgflinewidth=\dimen158
)
(C:\CTEX\MiKTeX\tex\generic\pgf\basiclayer\pgfcoretransformations.code.tex
File: pgfcoretransformations.code.tex 2009/06/10  (rcs-revision 1.11)
\pgf@pt@x=\dimen159
\pgf@pt@y=\dimen160
\pgf@pt@temp=\dimen161
)
(C:\CTEX\MiKTeX\tex\generic\pgf\basiclayer\pgfcorequick.code.tex
File: pgfcorequick.code.tex 2008/10/09  (rcs-revision 1.3)
)
(C:\CTEX\MiKTeX\tex\generic\pgf\basiclayer\pgfcoreobjects.code.tex
File: pgfcoreobjects.code.tex 2006/10/11  (rcs-revision 1.2)
)
(C:\CTEX\MiKTeX\tex\generic\pgf\basiclayer\pgfcorepathprocessing.code.tex
File: pgfcorepathprocessing.code.tex 2008/10/09  (rcs-revision 1.8)
)
(C:\CTEX\MiKTeX\tex\generic\pgf\basiclayer\pgfcorearrows.code.tex
File: pgfcorearrows.code.tex 2008/04/23  (rcs-revision 1.11)
)
(C:\CTEX\MiKTeX\tex\generic\pgf\basiclayer\pgfcoreshade.code.tex
File: pgfcoreshade.code.tex 2008/11/23  (rcs-revision 1.13)
\pgf@max=\dimen162
\pgf@sys@shading@range@num=\count116
)
(C:\CTEX\MiKTeX\tex\generic\pgf\basiclayer\pgfcoreimage.code.tex
File: pgfcoreimage.code.tex 2010/03/25  (rcs-revision 1.16)

(C:\CTEX\MiKTeX\tex\generic\pgf\basiclayer\pgfcoreexternal.code.tex
File: pgfcoreexternal.code.tex 2010/09/01  (rcs-revision 1.17)
\pgfexternal@startupbox=\box39
))
(C:\CTEX\MiKTeX\tex\generic\pgf\basiclayer\pgfcorelayers.code.tex
File: pgfcorelayers.code.tex 2010/08/27  (rcs-revision 1.2)
)
(C:\CTEX\MiKTeX\tex\generic\pgf\basiclayer\pgfcoretransparency.code.tex
File: pgfcoretransparency.code.tex 2008/01/17  (rcs-revision 1.2)
)
(C:\CTEX\MiKTeX\tex\generic\pgf\basiclayer\pgfcorepatterns.code.tex
File: pgfcorepatterns.code.tex 2009/07/02  (rcs-revision 1.3)
)))
(C:\CTEX\MiKTeX\tex\latex\pgf\utilities\xxcolor.sty
Package: xxcolor 2003/10/24 ver 0.1
\XC@nummixins=\count117
\XC@countmixins=\count118
)
(C:\CTEX\MiKTeX\tex\latex\hyperref\hyperref.sty
Package: hyperref 2012/02/06 v6.82o Hypertext links for LaTeX

(C:\CTEX\MiKTeX\tex\generic\oberdiek\hobsub-hyperref.sty
Package: hobsub-hyperref 2011/04/23 v1.4 Bundle oberdiek, subset hyperref (HO)

(C:\CTEX\MiKTeX\tex\generic\oberdiek\hobsub-generic.sty
Package: hobsub-generic 2011/04/23 v1.4 Bundle oberdiek, subset generic (HO)
Package: hobsub 2011/04/23 v1.4 Subsetting bundle oberdiek (HO)
Package hobsub Info: Skipping package `infwarerr' (already loaded).
Package hobsub Info: Skipping package `ltxcmds' (already loaded).
Package: ifluatex 2010/03/01 v1.3 Provides the ifluatex switch (HO)
Package ifluatex Info: LuaTeX not detected.
Package hobsub Info: Skipping package `ifvtex' (already loaded).
Package: intcalc 2007/09/27 v1.1 Expandable integer calculations (HO)
Package hobsub Info: Skipping package `ifpdf' (already loaded).
Package: etexcmds 2011/02/16 v1.5 Prefix for e-TeX command names (HO)
Package etexcmds Info: Could not find \expanded.
(etexcmds)             That can mean that you are not using pdfTeX 1.50 or
(etexcmds)             that some package has redefined \expanded.
(etexcmds)             In the latter case, load this package earlier.
Package: kvsetkeys 2011/04/07 v1.13 Key value parser (HO)
Package: kvdefinekeys 2011/04/07 v1.3 Defining keys (HO)
Package: pdftexcmds 2011/04/22 v0.16 Utilities of pdfTeX for LuaTeX (HO)
Package pdftexcmds Info: LuaTeX not detected.
Package pdftexcmds Info: \pdf@primitive is available.
Package pdftexcmds Info: \pdf@ifprimitive is available.
Package pdftexcmds Info: \pdfdraftmode found.
Package: pdfescape 2011/04/04 v1.12 Provides string conversions (HO)
Package: bigintcalc 2011/01/30 v1.2 Expandable big integer calculations (HO)
Package: bitset 2011/01/30 v1.1 Data type bit set (HO)
Package: uniquecounter 2011/01/30 v1.2 Provides unlimited unique counter (HO)
)
Package hobsub Info: Skipping package `hobsub' (already loaded).
Package: letltxmacro 2010/09/02 v1.4 Let assignment for LaTeX macros (HO)
Package: hopatch 2011/01/30 v1.0 Wrapper for package hooks (HO)
Package: xcolor-patch 2011/01/30 xcolor patch
Package: atveryend 2011/04/23 v1.7 Hooks at very end of document (HO)
Package: atbegshi 2011/01/30 v1.15 At begin shipout hook (HO)
Package: refcount 2010/12/01 v3.2 Data extraction from references (HO)
Package: hycolor 2011/01/30 v1.7 Color options of hyperref/bookmark (HO)
)
(C:\CTEX\MiKTeX\tex\latex\oberdiek\kvoptions.sty
Package: kvoptions 2010/12/23 v3.10 Keyval support for LaTeX options (HO)
)
\@linkdim=\dimen163
\Hy@linkcounter=\count119
\Hy@pagecounter=\count120

(C:\CTEX\MiKTeX\tex\latex\hyperref\pd1enc.def
File: pd1enc.def 2012/02/06 v6.82o Hyperref: PDFDocEncoding definition (HO)
)
\Hy@SavedSpaceFactor=\count121

(C:\CTEX\MiKTeX\tex\latex\00miktex\hyperref.cfg
File: hyperref.cfg 2002/06/06 v1.2 hyperref configuration of TeXLive
)
Package hyperref Info: Option `bookmarks' set `true' on input line 3925.
Package hyperref Info: Option `bookmarksopen' set `true' on input line 3925.
Package hyperref Info: Option `implicit' set `false' on input line 3925.
Package hyperref Info: Hyper figures OFF on input line 4046.
Package hyperref Info: Link nesting OFF on input line 4051.
Package hyperref Info: Hyper index ON on input line 4054.
Package hyperref Info: Plain pages OFF on input line 4061.
Package hyperref Info: Backreferencing OFF on input line 4066.
Package hyperref Info: Implicit mode OFF; no redefinition of LaTeX internals.
Package hyperref Info: Bookmarks ON on input line 4284.
\c@Hy@tempcnt=\count122

(C:\CTEX\MiKTeX\tex\latex\ltxmisc\url.sty
\Urlmuskip=\muskip10
Package: url 2006/04/12  ver 3.3  Verb mode for urls, etc.
)
LaTeX Info: Redefining \url on input line 4637.
\Fld@menulength=\count123
\Field@Width=\dimen164
\Fld@charsize=\dimen165
Package hyperref Info: Hyper figures OFF on input line 5757.
Package hyperref Info: Link nesting OFF on input line 5762.
Package hyperref Info: Hyper index ON on input line 5765.
Package hyperref Info: backreferencing OFF on input line 5772.
Package hyperref Info: Link coloring OFF on input line 5777.
Package hyperref Info: Link coloring with OCG OFF on input line 5782.
Package hyperref Info: PDF/A mode OFF on input line 5787.
LaTeX Info: Redefining \ref on input line 5827.
LaTeX Info: Redefining \pageref on input line 5831.
\Hy@abspage=\count124


Package hyperref Message: Stopped early.

)

Package hyperref Message: Driver (autodetected): hpdftex.

(C:\CTEX\MiKTeX\tex\latex\hyperref\hpdftex.def
File: hpdftex.def 2012/02/06 v6.82o Hyperref driver for pdfTeX
\Fld@listcount=\count125
\c@bookmark@seq@number=\count126

(C:\CTEX\MiKTeX\tex\latex\oberdiek\rerunfilecheck.sty
Package: rerunfilecheck 2011/04/15 v1.7 Rerun checks for auxiliary files (HO)
Package uniquecounter Info: New unique counter `rerunfilecheck' on input line 2
82.
))
Package hyperref Info: Option `CJKbookmarks' set `true' on input line 365.

(C:\CTEX\MiKTeX\tex\latex\beamer\base\beamerbaserequires.sty
Package: beamerbaserequires 2010/05/01  (rcs-revision efa082c6111d)

(C:\CTEX\MiKTeX\tex\latex\beamer\base\beamerbasecompatibility.sty
Package: beamerbasecompatibility 2011/09/24  (rcs-revision 17e820568435)
)
(C:\CTEX\MiKTeX\tex\latex\beamer\base\beamerbasefont.sty
Package: beamerbasefont 2010/10/26  (rcs-revision f39336aafb3c)

(C:\CTEX\MiKTeX\tex\latex\amsfonts\amssymb.sty
Package: amssymb 2009/06/22 v3.00

(C:\CTEX\MiKTeX\tex\latex\amsfonts\amsfonts.sty
Package: amsfonts 2009/06/22 v3.00 Basic AMSFonts support
\@emptytoks=\toks25
\symAMSa=\mathgroup4
\symAMSb=\mathgroup5
LaTeX Font Info:    Overwriting math alphabet `\mathfrak' in version `bold'
(Font)                  U/euf/m/n --> U/euf/b/n on input line 96.
)))
(C:\CTEX\MiKTeX\tex\latex\beamer\base\beamerbasetranslator.sty
Package: beamerbasetranslator 2010/06/11  (rcs-revision 85fd1cc7fc42)

(C:\CTEX\MiKTeX\tex\latex\beamer\base\translator\translator.sty
Package: translator 2010/06/12 ver 1.10

(C:\CTEX\MiKTeX\tex\latex\beamer\base\translator\translator-language-mappings.t
ex))) (C:\CTEX\MiKTeX\tex\latex\beamer\base\beamerbasemisc.sty
Package: beamerbasemisc 2012/02/24  (rcs-revision 2ff5461be705)
)
(C:\CTEX\MiKTeX\tex\latex\beamer\base\beamerbasetwoscreens.sty
Package: beamerbasetwoscreens 2010/05/01  (rcs-revision efa082c6111d)
)
(C:\CTEX\MiKTeX\tex\latex\beamer\base\beamerbaseoverlay.sty
Package: beamerbaseoverlay 2012/02/22  (rcs-revision 1e3e174835fb)
\beamer@argscount=\count127
\beamer@lastskipcover=\skip47
\beamer@trivlistdepth=\count128
)
(C:\CTEX\MiKTeX\tex\latex\beamer\base\beamerbasetitle.sty
Package: beamerbasetitle 2010/09/21  (rcs-revision f0446ed0b6ae)
)
(C:\CTEX\MiKTeX\tex\latex\beamer\base\beamerbasesection.sty
Package: beamerbasesection 2012/02/22  (rcs-revision 9a2581f9efb6)
\c@lecture=\count129
\c@part=\count130
\c@section=\count131
\c@subsection=\count132
\c@subsubsection=\count133
)
(C:\CTEX\MiKTeX\tex\latex\beamer\base\beamerbaseframe.sty
Package: beamerbaseframe 2011/09/12  (rcs-revision 70f9d8411e54)
\beamer@framebox=\box40
\beamer@frametitlebox=\box41
\beamer@zoombox=\box42
\beamer@zoomcount=\count134
\beamer@zoomframecount=\count135
\beamer@frametextheight=\dimen166
\c@subsectionslide=\count136
\beamer@frametopskip=\skip48
\beamer@framebottomskip=\skip49
\beamer@frametopskipautobreak=\skip50
\beamer@framebottomskipautobreak=\skip51
\beamer@envbody=\toks26
\c@framenumber=\count137
)
(C:\CTEX\MiKTeX\tex\latex\beamer\base\beamerbaseverbatim.sty
Package: beamerbaseverbatim 2011/09/12  (rcs-revision 70f9d8411e54)
\beamer@verbatimfileout=\write4
)
(C:\CTEX\MiKTeX\tex\latex\beamer\base\beamerbaseframesize.sty
Package: beamerbaseframesize 2011/09/12  (rcs-revision 70f9d8411e54)
\beamer@splitbox=\box43
\beamer@autobreakcount=\count138
\beamer@autobreaklastheight=\dimen167
\beamer@frametitletoks=\toks27
\beamer@framesubtitletoks=\toks28
)
(C:\CTEX\MiKTeX\tex\latex\beamer\base\beamerbaseframecomponents.sty
Package: beamerbaseframecomponents 2011/09/12  (rcs-revision 70f9d8411e54)
\beamer@footins=\box44
)
(C:\CTEX\MiKTeX\tex\latex\beamer\base\beamerbasecolor.sty
Package: beamerbasecolor 2010/06/06  (rcs-revision d1a9b48be06d)
)
(C:\CTEX\MiKTeX\tex\latex\beamer\base\beamerbasenotes.sty
Package: beamerbasenotes 2010/05/01  (rcs-revision efa082c6111d)
\beamer@frameboxcopy=\box45
)
(C:\CTEX\MiKTeX\tex\latex\beamer\base\beamerbasetoc.sty
Package: beamerbasetoc 2012/02/28  (rcs-revision 138681b92320)
)
(C:\CTEX\MiKTeX\tex\latex\beamer\base\beamerbasetemplates.sty
Package: beamerbasetemplates 2010/05/01  (rcs-revision efa082c6111d)
\beamer@sbttoks=\toks29

(C:\CTEX\MiKTeX\tex\latex\beamer\base\beamerbaseauxtemplates.sty
Package: beamerbaseauxtemplates 2010/05/01  (rcs-revision efa082c6111d)

(C:\CTEX\MiKTeX\tex\latex\beamer\base\beamerbaseboxes.sty
Package: beamerbaseboxes 2010/05/01  (rcs-revision efa082c6111d)
\bmb@box=\box46
\bmb@colorbox=\box47
\bmb@boxshadow=\box48
\bmb@boxshadowball=\box49
\bmb@boxshadowballlarge=\box50
\bmb@temp=\dimen168
\bmb@dima=\dimen169
\bmb@dimb=\dimen170
\bmb@prevheight=\dimen171
)
\beamer@blockheadheight=\dimen172
))
(C:\CTEX\MiKTeX\tex\latex\beamer\base\beamerbaselocalstructure.sty
Package: beamerbaselocalstructure 2012/02/22  (rcs-revision 2ae76965ffee)

(C:\CTEX\MiKTeX\tex\latex\tools\enumerate.sty
Package: enumerate 1999/03/05 v3.00 enumerate extensions (DPC)
\@enLab=\toks30
)
\c@figure=\count139
\c@table=\count140
\abovecaptionskip=\skip52
\belowcaptionskip=\skip53
)
(C:\CTEX\MiKTeX\tex\latex\beamer\base\beamerbasenavigation.sty
Package: beamerbasenavigation 2010/05/01  (rcs-revision efa082c6111d)
)
(C:\CTEX\MiKTeX\tex\latex\beamer\base\beamerbasetheorems.sty
Package: beamerbasetheorems 2010/06/06  (rcs-revision 7e7cc5e53e9d)

(C:\CTEX\MiKTeX\tex\latex\ams\math\amsmath.sty
Package: amsmath 2000/07/18 v2.13 AMS math features
\@mathmargin=\skip54

For additional information on amsmath, use the `?' option.
(C:\CTEX\MiKTeX\tex\latex\ams\math\amstext.sty
Package: amstext 2000/06/29 v2.01

(C:\CTEX\MiKTeX\tex\latex\ams\math\amsgen.sty
File: amsgen.sty 1999/11/30 v2.0
\@emptytoks=\toks31
\ex@=\dimen173
))
(C:\CTEX\MiKTeX\tex\latex\ams\math\amsbsy.sty
Package: amsbsy 1999/11/29 v1.2d
\pmbraise@=\dimen174
)
(C:\CTEX\MiKTeX\tex\latex\ams\math\amsopn.sty
Package: amsopn 1999/12/14 v2.01 operator names
)
\inf@bad=\count141
LaTeX Info: Redefining \frac on input line 211.
\uproot@=\count142
\leftroot@=\count143
LaTeX Info: Redefining \overline on input line 307.
\classnum@=\count144
\DOTSCASE@=\count145
LaTeX Info: Redefining \ldots on input line 379.
LaTeX Info: Redefining \dots on input line 382.
LaTeX Info: Redefining \cdots on input line 467.
\Mathstrutbox@=\box51
\strutbox@=\box52
\big@size=\dimen175
LaTeX Font Info:    Redeclaring font encoding OML on input line 567.
LaTeX Font Info:    Redeclaring font encoding OMS on input line 568.
\macc@depth=\count146
\c@MaxMatrixCols=\count147
\dotsspace@=\muskip11
\c@parentequation=\count148
\dspbrk@lvl=\count149
\tag@help=\toks32
\row@=\count150
\column@=\count151
\maxfields@=\count152
\andhelp@=\toks33
\eqnshift@=\dimen176
\alignsep@=\dimen177
\tagshift@=\dimen178
\tagwidth@=\dimen179
\totwidth@=\dimen180
\lineht@=\dimen181
\@envbody=\toks34
\multlinegap=\skip55
\multlinetaggap=\skip56
\mathdisplay@stack=\toks35
LaTeX Info: Redefining \[ on input line 2666.
LaTeX Info: Redefining \] on input line 2667.
)
(C:\CTEX\MiKTeX\tex\latex\ams\classes\amsthm.sty
Package: amsthm 2004/08/06 v2.20
\thm@style=\toks36
\thm@bodyfont=\toks37
\thm@headfont=\toks38
\thm@notefont=\toks39
\thm@headpunct=\toks40
\thm@preskip=\skip57
\thm@postskip=\skip58
\thm@headsep=\skip59
\dth@everypar=\toks41
))
(C:\CTEX\MiKTeX\tex\latex\beamer\base\beamerbasethemes.sty
Package: beamerbasethemes 2010/05/01  (rcs-revision efa082c6111d)
))
(C:\CTEX\MiKTeX\tex\latex\beamer\base\themes\theme\beamerthemedefault.sty
Package: beamerthemedefault 2010/06/17  (rcs-revision d02a7cf4d8ae)

(C:\CTEX\MiKTeX\tex\latex\beamer\base\themes\font\beamerfontthemedefault.sty
Package: beamerfontthemedefault 2010/06/17  (rcs-revision d02a7cf4d8ae)
)
(C:\CTEX\MiKTeX\tex\latex\beamer\base\themes\color\beamercolorthemedefault.sty
Package: beamercolorthemedefault 2010/06/17  (rcs-revision d02a7cf4d8ae)
) (C:\CTEX\MiKTeX\tex\latex\beamer\base\themes\inner\beamerinnerthemedefault.st
y
Package: beamerinnerthemedefault 2010/06/17  (rcs-revision d02a7cf4d8ae)
\beamer@dima=\dimen182
\beamer@dimb=\dimen183
)
(C:\CTEX\MiKTeX\tex\latex\beamer\base\themes\outer\beamerouterthemedefault.sty
Package: beamerouterthemedefault 2010/06/17  (rcs-revision d02a7cf4d8ae)
))) (C:\CTEX\MiKTeX\tex\latex\beamer\base\themes\outer\beamerouterthemetree.sty
Package: beamerouterthemetree 2010/06/17  (rcs-revision d02a7cf4d8ae)
) (C:\CTEX\MiKTeX\tex\latex\beamer\base\themes\color\beamercolorthemewhale.sty
Package: beamercolorthemewhale 2010/06/17  (rcs-revision d02a7cf4d8ae)
)
(C:\CTEX\MiKTeX\tex\latex\beamer\base\themes\color\beamercolorthemeorchid.sty
Package: beamercolorthemeorchid 2010/06/17  (rcs-revision d02a7cf4d8ae)
)
(C:\CTEX\MiKTeX\tex\latex\beamer\base\themes\inner\beamerinnerthemerounded.sty
Package: beamerinnerthemerounded 2010/06/17  (rcs-revision d02a7cf4d8ae)
) (C:\CTEX\MiKTeX\tex\latex\beamer\base\themes\font\beamerfontthemeserif.sty
Package: beamerfontthemeserif 2010/06/17  (rcs-revision d02a7cf4d8ae)
)
(C:\CTEX\MiKTeX\tex\latex\cjk\CJK.sty
Package: CJK 2008/12/29 4.8.2

(C:\CTEX\MiKTeX\tex\latex\cjk\mule\MULEenc.sty
Package: MULEenc 2008/12/29 4.8.2
)
(C:\CTEX\MiKTeX\tex\latex\cjk\CJK.enc
File: CJK.enc 2008/12/29 4.8.2
)
LaTeX Info: Redefining \selectfont on input line 756.
\CJK@indent=\box53
) (C:\CTEX\MiKTeX\tex\latex\tools\bm.sty
Package: bm 2004/02/26 v1.1c Bold Symbol Support (DPC/FMi)
\symboldoperators=\mathgroup6
\symboldletters=\mathgroup7
\symboldsymbols=\mathgroup8
LaTeX Font Info:    Redeclaring math alphabet \mathbf on input line 138.
LaTeX Info: Redefining \bm on input line 204.
) (C:\CTEX\MiKTeX\tex\latex\jknappen\mathrsfs.sty
Package: mathrsfs 1996/01/01 Math RSFS package v1.0 (jk)
\symrsfs=\mathgroup9
)
(C:\CTEX\MiKTeX\tex\latex\subfigure\subfigure.sty
Package: subfigure 2002/07/30 v2.1.4 subfigure package
\subfigtopskip=\skip60
\subfigcapskip=\skip61
\subfigcaptopadj=\dimen184
\subfigbottomskip=\skip62
\subfigcapmargin=\dimen185
\subfiglabelskip=\skip63
\c@subfigure=\count153
\c@lofdepth=\count154
\c@subtable=\count155
\c@lotdepth=\count156

****************************************
* Local config file subfigure.cfg used *
****************************************
(C:\CTEX\MiKTeX\tex\latex\subfigure\subfigure.cfg)
\subfig@top=\skip64
\subfig@bottom=\skip65
)
(C:\CTEX\MiKTeX\tex\latex\beamer\base\multimedia\xmpmulti.sty
\@mpm@count=\count157
)
(C:\CTEX\MiKTeX\tex\latex\tools\dcolumn.sty
Package: dcolumn 2001/05/28 v1.06 decimal alignment package (DPC)
)
("D:\ÊïôÂ≠¶\ÊïôÂ≠¶\Êï∞Â≠ó‰ø°Âè∑Â§ÑÁêÜ\ËÆ≤‰πâ\tp2017\Á¨¨4Á´†\Á¨¨4Á´† Âø´ÈÄüÂÇÖÈá
åÂè∂ÂèòÊç¢.aux"

LaTeX Warning: Label `eq:2' multiply defined.


LaTeX Warning: Label `eq:1' multiply defined.


LaTeX Warning: Label `eq:1' multiply defined.


LaTeX Warning: Label `eq:1' multiply defined.


LaTeX Warning: Label `eq:2' multiply defined.


LaTeX Warning: Label `eq:1' multiply defined.


LaTeX Warning: Label `eq:1' multiply defined.


LaTeX Warning: Label `eq:2' multiply defined.


LaTeX Warning: Label `eq:4' multiply defined.


LaTeX Warning: Label `eq:2' multiply defined.


LaTeX Warning: Label `eq:2' multiply defined.

)
LaTeX Font Info:    Checking defaults for OML/cmm/m/it on input line 37.
LaTeX Font Info:    ... okay on input line 37.
LaTeX Font Info:    Checking defaults for T1/cmr/m/n on input line 37.
LaTeX Font Info:    ... okay on input line 37.
LaTeX Font Info:    Checking defaults for OT1/cmr/m/n on input line 37.
LaTeX Font Info:    ... okay on input line 37.
LaTeX Font Info:    Checking defaults for OMS/cmsy/m/n on input line 37.
LaTeX Font Info:    ... okay on input line 37.
LaTeX Font Info:    Checking defaults for OMX/cmex/m/n on input line 37.
LaTeX Font Info:    ... okay on input line 37.
LaTeX Font Info:    Checking defaults for U/cmr/m/n on input line 37.
LaTeX Font Info:    ... okay on input line 37.
LaTeX Font Info:    Checking defaults for PD1/pdf/m/n on input line 37.
LaTeX Font Info:    ... okay on input line 37.
LaTeX Font Info:    Checking defaults for C00/song/m/n on input line 37.
LaTeX Font Info:    ... okay on input line 37.
LaTeX Font Info:    Checking defaults for C05/song/m/n on input line 37.
LaTeX Font Info:    ... okay on input line 37.
LaTeX Font Info:    Checking defaults for C09/song/m/n on input line 37.
LaTeX Font Info:    ... okay on input line 37.
LaTeX Font Info:    Checking defaults for C10/song/m/n on input line 37.
LaTeX Font Info:    ... okay on input line 37.
LaTeX Font Info:    Checking defaults for C20/song/m/n on input line 37.
LaTeX Font Info:    ... okay on input line 37.
LaTeX Font Info:    Checking defaults for C19/song/m/n on input line 37.
LaTeX Font Info:    ... okay on input line 37.
LaTeX Font Info:    Checking defaults for C40/song/m/n on input line 37.
LaTeX Font Info:    ... okay on input line 37.
LaTeX Font Info:    Checking defaults for C42/song/m/n on input line 37.
LaTeX Font Info:    ... okay on input line 37.
LaTeX Font Info:    Checking defaults for C43/song/m/n on input line 37.
LaTeX Font Info:    ... okay on input line 37.
LaTeX Font Info:    Checking defaults for C50/song/m/n on input line 37.
LaTeX Font Info:    ... okay on input line 37.
LaTeX Font Info:    Checking defaults for C52/song/m/n on input line 37.
LaTeX Font Info:    ... okay on input line 37.
LaTeX Font Info:    Checking defaults for C49/song/m/n on input line 37.
LaTeX Font Info:    ... okay on input line 37.
LaTeX Font Info:    Checking defaults for C60/mj/m/n on input line 37.
LaTeX Font Info:    ... okay on input line 37.
LaTeX Font Info:    Checking defaults for C61/mj/m/n on input line 37.
LaTeX Font Info:    ... okay on input line 37.
LaTeX Font Info:    Checking defaults for C63/mj/m/n on input line 37.
LaTeX Font Info:    ... okay on input line 37.
LaTeX Font Info:    Checking defaults for C64/mj/m/n on input line 37.
LaTeX Font Info:    ... okay on input line 37.
LaTeX Font Info:    Checking defaults for C65/mj/m/n on input line 37.
LaTeX Font Info:    ... okay on input line 37.
LaTeX Font Info:    Checking defaults for C70/song/m/n on input line 37.
LaTeX Font Info:    ... okay on input line 37.
LaTeX Font Info:    Checking defaults for C31/song/m/n on input line 37.
LaTeX Font Info:    ... okay on input line 37.
LaTeX Font Info:    Checking defaults for C32/song/m/n on input line 37.
LaTeX Font Info:    ... okay on input line 37.
LaTeX Font Info:    Checking defaults for C33/song/m/n on input line 37.
LaTeX Font Info:    ... okay on input line 37.
LaTeX Font Info:    Checking defaults for C34/song/m/n on input line 37.
LaTeX Font Info:    ... okay on input line 37.
LaTeX Font Info:    Checking defaults for C35/song/m/n on input line 37.
LaTeX Font Info:    ... okay on input line 37.
LaTeX Font Info:    Checking defaults for C36/song/m/n on input line 37.
LaTeX Font Info:    ... okay on input line 37.
LaTeX Font Info:    Checking defaults for C37/song/m/n on input line 37.
LaTeX Font Info:    ... okay on input line 37.
LaTeX Font Info:    Checking defaults for C80/song/m/n on input line 37.
LaTeX Font Info:    ... okay on input line 37.
LaTeX Font Info:    Checking defaults for C81/song/m/n on input line 37.
LaTeX Font Info:    ... okay on input line 37.
LaTeX Font Info:    Checking defaults for C01/song/m/n on input line 37.
LaTeX Font Info:    ... okay on input line 37.
LaTeX Font Info:    Checking defaults for C11/song/m/n on input line 37.
LaTeX Font Info:    ... okay on input line 37.
LaTeX Font Info:    Checking defaults for C21/song/m/n on input line 37.
LaTeX Font Info:    ... okay on input line 37.
LaTeX Font Info:    Checking defaults for C41/song/m/n on input line 37.
LaTeX Font Info:    ... okay on input line 37.
LaTeX Font Info:    Checking defaults for C62/song/m/n on input line 37.
LaTeX Font Info:    ... okay on input line 37.

*geometry* driver: auto-detecting
*geometry* detected driver: pdftex
*geometry* verbose mode - [ preamble ] result:
* driver: pdftex
* paper: custom
* layout: <same size as paper>
* layoutoffset:(h,v)=(0.0pt,0.0pt)
* modes: includehead includefoot 
* h-part:(L,W,R)=(28.45274pt, 307.28987pt, 28.45274pt)
* v-part:(T,H,B)=(0.0pt, 273.14662pt, 0.0pt)
* \paperwidth=364.19536pt
* \paperheight=273.14662pt
* \textwidth=307.28987pt
* \textheight=244.6939pt
* \oddsidemargin=-43.81725pt
* \evensidemargin=-43.81725pt
* \topmargin=-72.26999pt
* \headheight=14.22636pt
* \headsep=0.0pt
* \topskip=11.0pt
* \footskip=14.22636pt
* \marginparwidth=4.0pt
* \marginparsep=10.0pt
* \columnsep=10.0pt
* \skip\footins=10.0pt plus 4.0pt minus 2.0pt
* \hoffset=0.0pt
* \voffset=0.0pt
* \mag=1000
* \@twocolumnfalse
* \@twosidefalse
* \@mparswitchfalse
* \@reversemarginfalse
* (1in=72.27pt=25.4mm, 1cm=28.453pt)

(C:\CTEX\MiKTeX\tex\context\base\supp-pdf.mkii
[Loading MPS to PDF converter (version 2006.09.02).]
\scratchcounter=\count158
\scratchdimen=\dimen186
\scratchbox=\box54
\nofMPsegments=\count159
\nofMParguments=\count160
\everyMPshowfont=\toks42
\MPscratchCnt=\count161
\MPscratchDim=\dimen187
\MPnumerator=\count162
\makeMPintoPDFobject=\count163
\everyMPtoPDFconversion=\toks43
) ABD: EveryShipout initializing macros
\AtBeginShipoutBox=\box55
Package hyperref Info: Link coloring OFF on input line 37.

(C:\CTEX\MiKTeX\tex\latex\hyperref\nameref.sty
Package: nameref 2010/04/30 v2.40 Cross-referencing by name of section

(C:\CTEX\MiKTeX\tex\generic\oberdiek\gettitlestring.sty
Package: gettitlestring 2010/12/03 v1.4 Cleanup title references (HO)
)
\c@section@level=\count164
)
LaTeX Info: Redefining \ref on input line 37.
LaTeX Info: Redefining \pageref on input line 37.
LaTeX Info: Redefining \nameref on input line 37.

("D:\ÊïôÂ≠¶\ÊïôÂ≠¶\Êï∞Â≠ó‰ø°Âè∑Â§ÑÁêÜ\ËÆ≤‰πâ\tp2017\Á¨¨4Á´†\Á¨¨4Á´† Âø´ÈÄüÂÇÖÈá
åÂè∂ÂèòÊç¢.out")
("D:\ÊïôÂ≠¶\ÊïôÂ≠¶\Êï∞Â≠ó‰ø°Âè∑Â§ÑÁêÜ\ËÆ≤‰πâ\tp2017\Á¨¨4Á´†\Á¨¨4Á´† Âø´ÈÄüÂÇÖÈá
åÂè∂ÂèòÊç¢.out")
\@outlinefile=\write5

(C:\CTEX\MiKTeX\tex\latex\beamer\base\translator\dicts\translator-basic-diction
ary\translator-basic-dictionary-English.dict
Dictionary: translator-basic-dictionary, Language: English 
)
(C:\CTEX\MiKTeX\tex\latex\beamer\base\translator\dicts\translator-bibliography-
dictionary\translator-bibliography-dictionary-English.dict
Dictionary: translator-bibliography-dictionary, Language: English 
)
(C:\CTEX\MiKTeX\tex\latex\beamer\base\translator\dicts\translator-environment-d
ictionary\translator-environment-dictionary-English.dict
Dictionary: translator-environment-dictionary, Language: English 
)
(C:\CTEX\MiKTeX\tex\latex\beamer\base\translator\dicts\translator-months-dictio
nary\translator-months-dictionary-English.dict
Dictionary: translator-months-dictionary, Language: English 
)
(C:\CTEX\MiKTeX\tex\latex\beamer\base\translator\dicts\translator-numbers-dicti
onary\translator-numbers-dictionary-English.dict
Dictionary: translator-numbers-dictionary, Language: English 
)
(C:\CTEX\MiKTeX\tex\latex\beamer\base\translator\dicts\translator-theorem-dicti
onary\translator-theorem-dictionary-English.dict
Dictionary: translator-theorem-dictionary, Language: English 
)
LaTeX Info: Redefining \includegraphics on input line 37.

("D:\ÊïôÂ≠¶\ÊïôÂ≠¶\Êï∞Â≠ó‰ø°Âè∑Â§ÑÁêÜ\ËÆ≤‰πâ\tp2017\Á¨¨4Á´†\Á¨¨4Á´† Âø´ÈÄüÂÇÖÈá
åÂè∂ÂèòÊç¢.nav") (C:\CTEX\MiKTeX\tex\latex\cjk\standard.bdg
File: standard.bdg 2008/12/29 4.8.2
)
(C:\CTEX\MiKTeX\tex\latex\cjk\extended.enc
File: extended.enc 2008/12/29 4.8.2
)
(C:\CTEX\MiKTeX\tex\latex\cjk\extended.chr
File: extended.chr 2008/12/29 4.8.2
)
\c@theorem=\count165
\c@definition=\count166
\c@lemma=\count167
\c@example=\count168
\c@answer=\count169
\c@dablock=\count170
\c@proofda=\count171
\c@explain=\count172
\c@summary=\count173


Package hyperref Warning: Option `pdfauthor' has already been used,
(hyperref)                setting the option has no effect on input line 52.

LaTeX Font Info:    Try loading font information for C19+hei on input line 55.
(C:\CTEX\CTeX\tex\latex\CJK\GB\c19hei.fd
File: c19hei.fd 2009/09/23 4.8.2
)
LaTeX Font Info:    Try loading font information for C19+kai on input line 55.

(C:\CTEX\CTeX\tex\latex\CJK\GB\c19kai.fd
File: c19kai.fd 2009/09/23 4.8.2
)
LaTeX Font Info:    Try loading font information for C19+li on input line 55.

(C:\CTEX\CTeX\tex\latex\CJK\GB\c19li.fd
File: c19li.fd 2009/09/23 4.8.2
)

LaTeX Font Warning: Font shape `OT1/cmr/m/n' in size <4> not available
(Font)              size <5> substituted on input line 55.

[1{C:/CTEX/UserData/pdftex/config/pdftex.map{Unicode.sfd}{UGBK.sfd}}

]
("D:\ÊïôÂ≠¶\ÊïôÂ≠¶\Êï∞Â≠ó‰ø°Âè∑Â§ÑÁêÜ\ËÆ≤‰πâ\tp2017\Á¨¨4Á´†\Á¨¨4Á´† Âø´ÈÄüÂÇÖÈá
åÂè∂ÂèòÊç¢.toc"
LaTeX Font Info:    Try loading font information for U+msa on input line 9.
 (C:\CTEX\MiKTeX\tex\latex\amsfonts\umsa.fd
File: umsa.fd 2009/06/22 v3.00 AMS symbols A
)
LaTeX Font Info:    Try loading font information for U+msb on input line 9.

(C:\CTEX\MiKTeX\tex\latex\amsfonts\umsb.fd
File: umsb.fd 2009/06/22 v3.00 AMS symbols B
)
LaTeX Font Info:    Try loading font information for U+rsfs on input line 9.

(C:\CTEX\MiKTeX\tex\latex\jknappen\ursfs.fd
File: ursfs.fd 1998/03/24 rsfs font definition file (jk)
))

Class beamer Warning: Frame text is shrunk by a factor of 10.1532 percent inste
ad of 0 percent on input line 58.

[2

] [3

] [4

] [5

] [6

] [7

] [8

] [9

] [10

]
Overfull \hbox (5.81067pt too wide) detected at line 207
[][][] [][]
 []

[11

]
Overfull \hbox (18.68143pt too wide) in paragraph at lines 228--228
[]  
 []


Class beamer Warning: Frame text is shrunk by a factor of 15.90271 percent inst
ead of 0 percent on input line 228.

[12

]
Overfull \hbox (15.79298pt too wide) detected at line 248
[]\OML/cmm/m/it/10.95 X\OT1/cmr/m/n/10.95 (\OML/cmm/m/it/10.95 k\OT1/cmr/m/n/10
.95 ) = [] \OML/cmm/m/it/10.95 x[]\OT1/cmr/m/n/10.95 (\OML/cmm/m/it/10.95 r\OT1
/cmr/m/n/10.95 )\OML/cmm/m/it/10.95 W[] \OT1/cmr/m/n/10.95 + \OML/cmm/m/it/10.9
5 W[] [] x[]\OT1/cmr/m/n/10.95 (\OML/cmm/m/it/10.95 r\OT1/cmr/m/n/10.95 )\OML/c
mm/m/it/10.95 W[]        
 []

pdfTeX warning (ext4): destination with the same identifier (name{eq:2}) has be
en already used, duplicate ignored
<to be read again> 
                   \relax 
l.248 \end{frame}
                 

Class beamer Warning: Frame text is shrunk by a factor of 6.55975 percent inste
ad of 0 percent on input line 248.

[13

]
Overfull \hbox (36.65416pt too wide) in paragraph at lines 275--275
[]  
 []


Overfull \hbox (21.90005pt too wide) detected at line 275
[]
 []


Overfull \hbox (46.62181pt too wide) detected at line 275
  \OML/cmm/m/it/10.95 X\OT1/cmr/m/n/10.95 (\OML/cmm/m/it/10.95 k \OT1/cmr/m/n/1
0.95 + []) = [] \OML/cmm/m/it/10.95 x[]\OT1/cmr/m/n/10.95 (\OML/cmm/m/it/10.95 
r\OT1/cmr/m/n/10.95 )\OML/cmm/m/it/10.95 W[] \OMS/cmsy/m/n/10.95   \OML/cmm/m/i
t/10.95 W[] [] x[]\OT1/cmr/m/n/10.95 (\OML/cmm/m/it/10.95 r\OT1/cmr/m/n/10.95 )
\OML/cmm/m/it/10.95 W[]  \OT1/cmr/m/n/10.95 (0 \OMS/cmsy/m/n/10.95  \OML/cmm/m
/it/10.95 k \OMS/cmsy/m/n/10.95  []   \OT1/cmr/m/n/10.95 1)
 []


Class beamer Warning: Frame text is shrunk by a factor of 15.90271 percent inst
ead of 0 percent on input line 275.

[14

] <diexingyunsuan.jpg, id=322, 1133.73563pt x 475.02469pt>
File: diexingyunsuan.jpg Graphic file (type jpg)

<use diexingyunsuan.jpg>
Package pdftex.def Info: diexingyunsuan.jpg used on input line 303.
(pdftex.def)             Requested size: 153.64493pt x 64.372pt.


Class beamer Warning: Frame text is shrunk by a factor of 7.78809 percent inste
ad of 0 percent on input line 303.

[15

 <D:/ÊïôÂ≠¶/ÊïôÂ≠¶/Êï∞Â≠ó‰ø°Âè∑Â§ÑÁêÜ/ËÆ≤‰πâ/tp2017/Á¨¨4Á´†/diexingyunsuan.jpg>
]
File: diexingyunsuan.jpg Graphic file (type jpg)
 <use diexingyunsuan.jpg>
Package pdftex.def Info: diexingyunsuan.jpg used on input line 303.
(pdftex.def)             Requested size: 153.64493pt x 64.372pt.


Class beamer Warning: Frame text is shrunk by a factor of 7.78809 percent inste
ad of 0 percent on input line 303.

[16

]

Class beamer Warning: Frame text is shrunk by a factor of 22.70508 percent inst
ead of 0 percent on input line 338.

[17

pdfTeX warning (ext4): destination with the same identifier (name{eq:1}) has be
en already used, duplicate ignored

\@EveryShipout@Output ...@Org@Shipout \box \@cclv 
                                                  
l.338 \end{frame}
                 pdfTeX warning (ext4): destination with the same identifier (n
ame{eq:1}) has been already used, duplicate ignored

\@EveryShipout@Output ...@Org@Shipout \box \@cclv 
                                                  
l.338 \end{frame}
                 pdfTeX warning (ext4): destination with the same identifier (n
ame{eq:1}) has been already used, duplicate ignored

\@EveryShipout@Output ...@Org@Shipout \box \@cclv 
                                                  
l.338 \end{frame}
                 ] <8dftFirst.jpg, id=354, 379.4175pt x 188.98605pt>
File: 8dftFirst.jpg Graphic file (type jpg)

<use 8dftFirst.jpg>
Package pdftex.def Info: 8dftFirst.jpg used on input line 379.
(pdftex.def)             Requested size: 304.21866pt x 151.5322pt.
 [18

 <D:/ÊïôÂ≠¶/ÊïôÂ≠¶/Êï∞Â≠ó‰ø°Âè∑Â§ÑÁêÜ/ËÆ≤‰πâ/tp2017/Á¨¨4Á´†/8dftFirst.jpg>]
File: 8dftFirst.jpg Graphic file (type jpg)
 <use 8dftFirst.jpg>
Package pdftex.def Info: 8dftFirst.jpg used on input line 399.
(pdftex.def)             Requested size: 153.64493pt x 76.53027pt.
 [19

] [20

]pdfTeX warning (ext4): destination with the same identifier (name{eq:2}) has b
een already used, duplicate ignored
<to be read again> 
                   \relax 
l.458 \end{frame}
                 

Class beamer Warning: Frame text is shrunk by a factor of 6.97327 percent inste
ad of 0 percent on input line 458.

[21

]pdfTeX warning (ext4): destination with the same identifier (name{eq:1}) has b
een already used, duplicate ignored
<to be read again> 
                   \relax 
l.484 \end{frame}
                 pdfTeX warning (ext4): destination with the same identifier (n
ame{eq:1}) has been already used, duplicate ignored
<to be read again> 
                   \relax 
l.484 \end{frame}
                  [22

] <8dftSecond.jpg, id=406, 436.63126pt x 184.40895pt>
File: 8dftSecond.jpg Graphic file (type jpg)

<use 8dftSecond.jpg>
Package pdftex.def Info: 8dftSecond.jpg used on input line 497.
(pdftex.def)             Requested size: 307.28987pt x 129.7832pt.
 [23

 <D:/ÊïôÂ≠¶/ÊïôÂ≠¶/Êï∞Â≠ó‰ø°Âè∑Â§ÑÁêÜ/ËÆ≤‰πâ/tp2017/Á¨¨4Á´†/8dftSecond.jpg>]pdf
TeX warning (ext4): destination with the same identifier (name{eq:2}) has been 
already used, duplicate ignored
<to be read again> 
                   \relax 
l.521 \end{frame}
                  [24

] <8dftThird.jpg, id=427, 450.2421pt x 191.9973pt>
File: 8dftThird.jpg Graphic file (type jpg)

<use 8dftThird.jpg>
Package pdftex.def Info: 8dftThird.jpg used on input line 534.
(pdftex.def)             Requested size: 304.21866pt x 129.73318pt.
 [25

 <D:/ÊïôÂ≠¶/ÊïôÂ≠¶/Êï∞Â≠ó‰ø°Âè∑Â§ÑÁêÜ/ËÆ≤‰πâ/tp2017/Á¨¨4Á´†/8dftThird.jpg>] [26

]
File: 8dftThird.jpg Graphic file (type jpg)
 <use 8dftThird.jpg>
Package pdftex.def Info: 8dftThird.jpg used on input line 588.
(pdftex.def)             Requested size: 230.46739pt x 98.27766pt.


Class beamer Warning: Frame text is shrunk by a factor of 6.97327 percent inste
ad of 0 percent on input line 588.

[27

]

Package hyperref Warning: Token not allowed in a PDF string (PDFDocEncoding):
(hyperref)                removing `math shift' on input line 594.


Package hyperref Warning: Token not allowed in a PDF string (PDFDocEncoding):
(hyperref)                removing `subscript' on input line 594.


Package hyperref Warning: Token not allowed in a PDF string (PDFDocEncoding):
(hyperref)                removing `superscript' on input line 594.


Package hyperref Warning: Token not allowed in a PDF string (PDFDocEncoding):
(hyperref)                removing `math shift' on input line 594.

File: 8dftThird.jpg Graphic file (type jpg)
<use 8dftThird.jpg>
Package pdftex.def Info: 8dftThird.jpg used on input line 610.
(pdftex.def)             Requested size: 304.21866pt x 129.73318pt.
 [28

]
Overfull \hbox (7.63232pt too wide) detected at line 632
\OML/cmm/m/it/10.95 W[] \OT1/cmr/m/n/10.95 = \OML/cmm/m/it/10.95 W[] \OT1/cmr/m
/n/10.95 = \OML/cmm/m/it/10.95 W[] \OT1/cmr/m/n/10.95 = \OML/cmm/m/it/10.95 W[]
 \OT1/cmr/m/n/10.95 = \OML/cmm/m/it/10.95 W[] \OT1/cmr/m/n/10.95 = \OML/cmm/m/i
t/10.95 W[]
 []

[29

]
Overfull \hbox (7.63232pt too wide) detected at line 632
\OML/cmm/m/it/10.95 W[] \OT1/cmr/m/n/10.95 = \OML/cmm/m/it/10.95 W[] \OT1/cmr/m
/n/10.95 = \OML/cmm/m/it/10.95 W[] \OT1/cmr/m/n/10.95 = \OML/cmm/m/it/10.95 W[]
 \OT1/cmr/m/n/10.95 = \OML/cmm/m/it/10.95 W[] \OT1/cmr/m/n/10.95 = \OML/cmm/m/i
t/10.95 W[]
 []

[30

]
Overfull \hbox (7.63232pt too wide) detected at line 632
\OML/cmm/m/it/10.95 W[] \OT1/cmr/m/n/10.95 = \OML/cmm/m/it/10.95 W[] \OT1/cmr/m
/n/10.95 = \OML/cmm/m/it/10.95 W[] \OT1/cmr/m/n/10.95 = \OML/cmm/m/it/10.95 W[]
 \OT1/cmr/m/n/10.95 = \OML/cmm/m/it/10.95 W[] \OT1/cmr/m/n/10.95 = \OML/cmm/m/i
t/10.95 W[]
 []

[31

]
Overfull \hbox (7.63232pt too wide) detected at line 632
\OML/cmm/m/it/10.95 W[] \OT1/cmr/m/n/10.95 = \OML/cmm/m/it/10.95 W[] \OT1/cmr/m
/n/10.95 = \OML/cmm/m/it/10.95 W[] \OT1/cmr/m/n/10.95 = \OML/cmm/m/it/10.95 W[]
 \OT1/cmr/m/n/10.95 = \OML/cmm/m/it/10.95 W[] \OT1/cmr/m/n/10.95 = \OML/cmm/m/i
t/10.95 W[]
 []

[32

] [33

]
File: 8dftThird.jpg Graphic file (type jpg)
 <use 8dftThird.jpg>
Package pdftex.def Info: 8dftThird.jpg used on input line 690.
(pdftex.def)             Requested size: 304.21866pt x 129.73318pt.


Class beamer Warning: Frame text is shrunk by a factor of 2.66571 percent inste
ad of 0 percent on input line 690.

[34

] <diexingyunsuanguilv.jpg, id=529, 1265.47781pt x 644.4075pt>
File: diexingyunsuanguilv.jpg Graphic file (type jpg)

<use diexingyunsuanguilv.jpg>
Package pdftex.def Info: diexingyunsuanguilv.jpg used on input line 716.
(pdftex.def)             Requested size: 153.64493pt x 78.23018pt.
 [35

 <D:/ÊïôÂ≠¶/ÊïôÂ≠¶/Êï∞Â≠ó‰ø°Âè∑Â§ÑÁêÜ/ËÆ≤‰πâ/tp2017/Á¨¨4Á´†/diexingyunsuanguilv
.jpg>]
File: 8dftThird.jpg Graphic file (type jpg)
 <use 8dftThird.jpg>
Package pdftex.def Info: 8dftThird.jpg used on input line 737.
(pdftex.def)             Requested size: 276.559pt x 117.93846pt.
 [36

] [37

]

Class beamer Warning: Frame text is shrunk by a factor of 4.43573 percent inste
ad of 0 percent on input line 776.

[38

]
Missing character: There is no ß in font cmr10!


Class beamer Warning: Frame text is shrunk by a factor of 6.14166 percent inste
ad of 0 percent on input line 801.

[39

]
Missing character: There is no ß in font cmr10!
 [40

] [41


] <daoxun.jpg, id=601, 456.20438pt x 316.93407pt>
File: daoxun.jpg Graphic file (type jpg)

<use daoxun.jpg>
Package pdftex.def Info: daoxun.jpg used on input line 872.
(pdftex.def)             Requested size: 184.3758pt x 128.08678pt.


Class beamer Warning: Frame text is shrunk by a factor of 15.90271 percent inst
ead of 0 percent on input line 872.

[42

 <D:/ÊïôÂ≠¶/ÊïôÂ≠¶/Êï∞Â≠ó‰ø°Âè∑Â§ÑÁêÜ/ËÆ≤‰πâ/tp2017/Á¨¨4Á´†/daoxun.jpg>]
File: daoxun.jpg Graphic file (type jpg)

<use daoxun.jpg>
Package pdftex.def Info: daoxun.jpg used on input line 891.
(pdftex.def)             Requested size: 184.3758pt x 128.08678pt.


Class beamer Warning: Frame text is shrunk by a factor of 2.21252 percent inste
ad of 0 percent on input line 891.

[43

] <daoxubianchen.jpg, id=623, 207.11377pt x 187.54065pt>
File: daoxubianchen.jpg Graphic file (type jpg)

<use daoxubianchen.jpg>
Package pdftex.def Info: daoxubianchen.jpg used on input line 912.
(pdftex.def)             Requested size: 153.64493pt x 139.12701pt.


Class beamer Warning: Frame text is shrunk by a factor of 3.55835 percent inste
ad of 0 percent on input line 912.

[44

 <D:/ÊïôÂ≠¶/ÊïôÂ≠¶/Êï∞Â≠ó‰ø°Âè∑Â§ÑÁêÜ/ËÆ≤‰πâ/tp2017/Á¨¨4Á´†/daoxubianchen.jpg>]
 <daoxuguilv.jpg, id=634, 373.395pt x 155.8623pt>
File: daoxuguilv.jpg Graphic file (type jpg)
 <use daoxuguilv.jpg>
Package pdftex.def Info: daoxuguilv.jpg used on input line 939.
(pdftex.def)             Requested size: 245.83282pt x 102.61494pt.


Class beamer Warning: Frame text is shrunk by a factor of 0.35858 percent inste
ad of 0 percent on input line 939.

[45

 <D:/ÊïôÂ≠¶/ÊïôÂ≠¶/Êï∞Â≠ó‰ø°Âè∑Â§ÑÁêÜ/ËÆ≤‰πâ/tp2017/Á¨¨4Á´†/daoxuguilv.jpg>] [4
6

] [47

]pdfTeX warning (ext4): destination with the same identifier (name{eq:4}) has b
een already used, duplicate ignored
<to be read again> 
                   \relax 
l.995 \end{frame}
                  [48

] [49

]pdfTeX warning (ext4): destination with the same identifier (name{eq:2}) has b
een already used, duplicate ignored
<to be read again> 
                   \relax 
l.1029 \end{frame}
                   [50

]pdfTeX warning (ext4): destination with the same identifier (name{eq:2}) has b
een already used, duplicate ignored
<to be read again> 
                   \relax 
l.1056 \end{frame}
                  
Overfull \hbox (22.05605pt too wide) detected at line 1056
[][][] [][]
 []


Overfull \hbox (18.53377pt too wide) detected at line 1056
[]
 []

[51

] <Diffftdiexing.jpg, id=706, 2606.98969pt x 639.89063pt>
File: Diffftdiexing.jpg Graphic file (type jpg)

<use Diffftdiexing.jpg>
Package pdftex.def Info: Diffftdiexing.jpg used on input line 1080.
(pdftex.def)             Requested size: 245.83282pt x 60.33133pt.
 [52

 <D:/ÊïôÂ≠¶/ÊïôÂ≠¶/Êï∞Â≠ó‰ø°Âè∑Â§ÑÁêÜ/ËÆ≤‰πâ/tp2017/Á¨¨4Á´†/Diffftdiexing.jpg>]

<dif8dftFirst.jpg, id=717, 2555.04562pt x 1139.00531pt>
File: dif8dftFirst.jpg Graphic file (type jpg)
 <use dif8dftFirst.jpg>
Package pdftex.def Info: dif8dftFirst.jpg used on input line 1090.
(pdftex.def)             Requested size: 304.21866pt x 135.61456pt.

[53

 <D:/ÊïôÂ≠¶/ÊïôÂ≠¶/Êï∞Â≠ó‰ø°Âè∑Â§ÑÁêÜ/ËÆ≤‰πâ/tp2017/Á¨¨4Á´†/dif8dftFirst.jpg>] 
<dif8dftsecond.jpg, id=728, 2578.38281pt x 1110.39844pt>
File: dif8dftsecond.jpg Graphic file (type jpg)

<use dif8dftsecond.jpg>
Package pdftex.def Info: dif8dftsecond.jpg used on input line 1099.
(pdftex.def)             Requested size: 304.21866pt x 131.00554pt.
 [54

 <D:/ÊïôÂ≠¶/ÊïôÂ≠¶/Êï∞Â≠ó‰ø°Âè∑Â§ÑÁêÜ/ËÆ≤‰πâ/tp2017/Á¨¨4Á´†/dif8dftsecond.jpg>]

<dif8dftthird.jpg, id=739, 2578.38281pt x 1133.73563pt>
File: dif8dftthird.jpg Graphic file (type jpg)
 <use dif8dftthird.jpg>
Package pdftex.def Info: dif8dftthird.jpg used on input line 1109.
(pdftex.def)             Requested size: 304.21866pt x 133.75888pt.

[55

 <D:/ÊïôÂ≠¶/ÊïôÂ≠¶/Êï∞Â≠ó‰ø°Âè∑Â§ÑÁêÜ/ËÆ≤‰πâ/tp2017/Á¨¨4Á´†/dif8dftthird.jpg>]
Overfull \hbox (11.63316pt too wide) detected at line 1130
[]
 []

[56

] [57

]
\tf@nav=\write6
\tf@toc=\write7
\tf@snm=\write8
Package atveryend Info: Empty hook `BeforeClearDocument' on input line 1159.
Package atveryend Info: Empty hook `AfterLastShipout' on input line 1159.

("D:\ÊïôÂ≠¶\ÊïôÂ≠¶\Êï∞Â≠ó‰ø°Âè∑Â§ÑÁêÜ\ËÆ≤‰πâ\tp2017\Á¨¨4Á´†\Á¨¨4Á´† Âø´ÈÄüÂÇÖÈá
åÂè∂ÂèòÊç¢.aux")
Package atveryend Info: Executing hook `AtVeryEndDocument' on input line 1159.
Package atveryend Info: Executing hook `AtEndAfterFileList' on input line 1159.

Package rerunfilecheck Info: File `Á¨¨4Á´†*Âø´ÈÄüÂÇÖÈáåÂè∂ÂèòÊç¢.out' has not c
hanged.
(rerunfilecheck)             Checksum: <no file>.


LaTeX Font Warning: Size substitutions with differences
(Font)              up to 1.0pt have occurred.


LaTeX Warning: There were multiply-defined labels.

 ) 
Here is how much of TeX's memory you used:
 18078 strings out of 495354
 324624 string characters out of 3183860
 400664 words of memory out of 3000000
 20594 multiletter control sequences out of 15000+200000
 67903 words of font info for 237 fonts, out of 3000000 for 9000
 14 hyphenation exceptions out of 8191
 55i,18n,72p,439b,1470s stack positions out of 5000i,500n,10000p,200000b,50000s
<C:/Windows/Fonts/simkai.ttf><C:/Windows/Fonts/simkai.ttf><C:/Windows/Fonts/s
imkai.ttf><C:/Windows/Fonts/simkai.ttf><C:/Windows/Fonts/simkai.ttf><C:/Windows
/Fonts/simkai.ttf><C:/Windows/Fonts/simkai.ttf><C:/Windows/Fonts/simkai.ttf><C:
/Windows/Fonts/simkai.ttf><C:/Windows/Fonts/simkai.ttf><C:/Windows/Fonts/simkai
.ttf><C:/Windows/Fonts/simkai.ttf><C:/Windows/Fonts/simkai.ttf><C:/Windows/Font
s/simkai.ttf><C:/Windows/Fonts/simkai.ttf><C:/Windows/Fonts/simkai.ttf><C:/Wind
ows/Fonts/simkai.ttf><C:/Windows/Fonts/simkai.ttf><C:/Windows/Fonts/simkai.ttf>
<C:/Windows/Fonts/simkai.ttf><C:/Windows/Fonts/simkai.ttf><C:/Windows/Fonts/sim
kai.ttf><C:/Windows/Fonts/simkai.ttf><C:/Windows/Fonts/simkai.ttf><C:/Windows/F
onts/simkai.ttf><C:/Windows/Fonts/simkai.ttf><C:/Windows/Fonts/simkai.ttf><C:/W
indows/Fonts/simkai.ttf><C:/Windows/Fonts/simkai.ttf><C:/Windows/Fonts/simkai.t
tf><C:/Windows/Fonts/simkai.ttf><C:/Windows/Fonts/simli.ttf><C:/Windows/Fonts/s
imli.ttf><C:/Windows/Fonts/simli.ttf><C:/Windows/Fonts/simli.ttf><C:/Windows/Fo
nts/simli.ttf><C:/Windows/Fonts/simli.ttf><C:/Windows/Fonts/simli.ttf><C:/Windo
ws/Fonts/simli.ttf><C:/Windows/Fonts/simli.ttf><C:/Windows/Fonts/simli.ttf><C:/
Windows/Fonts/simli.ttf><C:/Windows/Fonts/simkai.ttf><C:/Windows/Fonts/simkai.t
tf><C:/Windows/Fonts/simkai.ttf><C:/Windows/Fonts/simhei.ttf><C:/Windows/Fonts/
simhei.ttf><C:/Windows/Fonts/simhei.ttf><C:/Windows/Fonts/simhei.ttf><C:/Window
s/Fonts/simhei.ttf><C:/Windows/Fonts/simhei.ttf><C:/Windows/Fonts/simhei.ttf><C
:/Windows/Fonts/simhei.ttf><C:/Windows/Fonts/simhei.ttf><C:/CTEX/MiKTeX/fonts/t
ype1/public/amsfonts/cm/cmbx10.pfb><C:/CTEX/MiKTeX/fonts/type1/public/amsfonts/
cm/cmex10.pfb><C:/CTEX/MiKTeX/fonts/type1/public/amsfonts/cm/cmmi10.pfb><C:/CTE
X/MiKTeX/fonts/type1/public/amsfonts/cm/cmmi12.pfb><C:/CTEX/MiKTeX/fonts/type1/
public/amsfonts/cm/cmmi5.pfb><C:/CTEX/MiKTeX/fonts/type1/public/amsfonts/cm/cmm
i6.pfb><C:/CTEX/MiKTeX/fonts/type1/public/amsfonts/cm/cmmi7.pfb><C:/CTEX/MiKTeX
/fonts/type1/public/amsfonts/cm/cmmi8.pfb><C:/CTEX/MiKTeX/fonts/type1/public/am
sfonts/cm/cmr10.pfb><C:/CTEX/MiKTeX/fonts/type1/public/amsfonts/cm/cmr12.pfb><C
:/CTEX/MiKTeX/fonts/type1/public/amsfonts/cm/cmr5.pfb><C:/CTEX/MiKTeX/fonts/typ
e1/public/amsfonts/cm/cmr6.pfb><C:/CTEX/MiKTeX/fonts/type1/public/amsfonts/cm/c
mr7.pfb><C:/CTEX/MiKTeX/fonts/type1/public/amsfonts/cm/cmr8.pfb><C:/CTEX/MiKTeX
/fonts/type1/public/amsfonts/cm/cmsy10.pfb><C:/CTEX/MiKTeX/fonts/type1/public/a
msfonts/cm/cmsy6.pfb><C:/CTEX/MiKTeX/fonts/type1/public/amsfonts/cm/cmsy7.pfb><
C:/CTEX/MiKTeX/fonts/type1/public/amsfonts/cm/cmsy8.pfb><C:/CTEX/MiKTeX/fonts/t
ype1/public/amsfonts/symbols/msam10.pfb>
Output written on "Á¨¨4Á´† Âø´ÈÄüÂÇÖÈáåÂè∂ÂèòÊç¢.pdf" (57 pages, 4690543 bytes)
.
PDF statistics:
 1023 PDF objects out of 1200 (max. 8388607)
 137 named destinations out of 1000 (max. 500000)
 263 words of extra memory for PDF output out of 10000 (max. 10000000)

